<?xml version="1.0" encoding="UTF-8"?>
<!-- Generated by org.testng.reporters.JUnitXMLReporter -->
<testsuite hostname="DESKTOP-SJC3P4J" ignored="0" name="Test" tests="3" failures="0" timestamp="2021-03-17T22:51:43 IST" time="45.213" errors="0">
  <testcase name="@BeforeTest startDockerScale" time="45.053" classname="remoteTracking.dockerValidation.chromeTest1">
    <failure type="java.lang.AssertionError">
      <![CDATA[java.lang.AssertionError
at org.junit.Assert.fail(Assert.java:86)
at org.junit.Assert.assertTrue(Assert.java:41)
at org.junit.Assert.assertTrue(Assert.java:52)
at remoteTracking.dockerValidation.startDocker.startFile(startDocker.java:42)
at remoteTracking.dockerValidation.chromeTest1.startDockerScale(chromeTest1.java:23)
... Removed 28 stack frames]]>
    </failure>
  </testcase> <!-- @BeforeTest startDockerScale -->
  <testcase name="@AfterTest stopDockerDeleteFile" time="-1.616001703725E9" classname="remoteTracking.dockerValidation.chromeTest1">
    <skipped/>
  </testcase> <!-- @AfterTest stopDockerDeleteFile -->
  <testcase name="test1" time="0.0" classname="remoteTracking.dockerValidation.chromeTest1">
    <skipped/>
  </testcase> <!-- test1 -->
  <testcase name="test3" time="0.0" classname="remoteTracking.dockerValidation.chromeTest3">
    <skipped/>
  </testcase> <!-- test3 -->
  <testcase name="test2" time="0.0" classname="remoteTracking.dockerValidation.chromeTest2">
    <skipped/>
  </testcase> <!-- test2 -->
</testsuite> <!-- Test -->
